<?xml version="1.0" encoding="UTF-8"?>
<!-- Generated by org.testng.reporters.JUnitReportReporter -->
<testsuite skipped="0" hostname="choochoo" name="demo.NewTest" tests="1" failures="0" timestamp="17 Oct 2016 02:43:40 GMT" time="0.015" errors="0">
  <testcase name="f" time="0.015" classname="demo.NewTest"/>
</testsuite> <!-- demo.NewTest -->
