<?xml version="1.0" encoding="UTF-8"?>
<!-- Generated by org.testng.reporters.JUnitReportReporter -->
<testsuite skipped="0" hostname="choochoo" name="com.happy3w.autobuy.exe.task.LoginTest" tests="1" failures="0" timestamp="17 Oct 2016 07:18:52 GMT" time="12.449" errors="0">
  <testcase name="testLogin" time="12.449" classname="com.happy3w.autobuy.exe.task.LoginTest"/>
</testsuite> <!-- com.happy3w.autobuy.exe.task.LoginTest -->
